This is pdfTeX, Version 3.141592653-2.6-1.40.27 (MiKTeX 25.2) (preloaded format=pdflatex 2025.2.25)  10 APR 2025 09:33
entering extended mode
 restricted \write18 enabled.
 %&-line parsing enabled.
**./exp3.tex
(exp3.tex
LaTeX2e <2024-11-01> patch level 2
L3 programming layer <2025-01-18>
(C:\Program Files\MiKTeX\tex/latex/base\report.cls
Document Class: report 2024/06/29 v1.4n Standard LaTeX document class
(C:\Program Files\MiKTeX\tex/latex/base\size10.clo
File: size10.clo 2024/06/29 v1.4n Standard LaTeX file (size option)
)
\c@part=\count196
\c@chapter=\count197
\c@section=\count198
\c@subsection=\count199
\c@subsubsection=\count266
\c@paragraph=\count267
\c@subparagraph=\count268
\c@figure=\count269
\c@table=\count270
\abovecaptionskip=\skip49
\belowcaptionskip=\skip50
\bibindent=\dimen141
)
(C:\Program Files\MiKTeX\tex/latex/graphics\graphicx.sty
Package: graphicx 2021/09/16 v1.2d Enhanced LaTeX Graphics (DPC,SPQR)

(C:\Program Files\MiKTeX\tex/latex/graphics\keyval.sty
Package: keyval 2022/05/29 v1.15 key=value parser (DPC)
\KV@toks@=\toks17
)
(C:\Program Files\MiKTeX\tex/latex/graphics\graphics.sty
Package: graphics 2024/08/06 v1.4g Standard LaTeX Graphics (DPC,SPQR)

(C:\Program Files\MiKTeX\tex/latex/graphics\trig.sty
Package: trig 2023/12/02 v1.11 sin cos tan (DPC)
)
(C:\Program Files\MiKTeX\tex/latex/graphics-cfg\graphics.cfg
File: graphics.cfg 2016/06/04 v1.11 sample graphics configuration
)
Package graphics Info: Driver file: pdftex.def on input line 106.

(C:\Program Files\MiKTeX\tex/latex/graphics-def\pdftex.def
File: pdftex.def 2024/04/13 v1.2c Graphics/color driver for pdftex
))
\Gin@req@height=\dimen142
\Gin@req@width=\dimen143
)
(C:\Program Files\MiKTeX\tex/latex/geometry\geometry.sty
Package: geometry 2020/01/02 v5.9 Page Geometry

(C:\Program Files\MiKTeX\tex/generic/iftex\ifvtex.sty
Package: ifvtex 2019/10/25 v1.7 ifvtex legacy package. Use iftex instead.

(C:\Program Files\MiKTeX\tex/generic/iftex\iftex.sty
Package: iftex 2024/12/12 v1.0g TeX engine tests
))
\Gm@cnth=\count271
\Gm@cntv=\count272
\c@Gm@tempcnt=\count273
\Gm@bindingoffset=\dimen144
\Gm@wd@mp=\dimen145
\Gm@odd@mp=\dimen146
\Gm@even@mp=\dimen147
\Gm@layoutwidth=\dimen148
\Gm@layoutheight=\dimen149
\Gm@layouthoffset=\dimen150
\Gm@layoutvoffset=\dimen151
\Gm@dimlist=\toks18

(C:\Program Files\MiKTeX\tex/latex/geometry\geometry.cfg))
(C:\Program Files\MiKTeX\tex/latex/graphics\color.sty
Package: color 2024/06/23 v1.3e Standard LaTeX Color (DPC)

(C:\Program Files\MiKTeX\tex/latex/graphics-cfg\color.cfg
File: color.cfg 2016/01/02 v1.6 sample color configuration
)
Package color Info: Driver file: pdftex.def on input line 149.

(C:\Program Files\MiKTeX\tex/latex/graphics\mathcolor.ltx))
(C:\Program Files\MiKTeX\tex/latex/l3backend\l3backend-pdftex.def
File: l3backend-pdftex.def 2024-05-08 L3 backend support: PDF output (pdfTeX)
\l__color_backend_stack_int=\count274
\l__pdf_internal_box=\box52
) (exp3.aux)
\openout1 = `exp3.aux'.

LaTeX Font Info:    Checking defaults for OML/cmm/m/it on input line 5.
LaTeX Font Info:    ... okay on input line 5.
LaTeX Font Info:    Checking defaults for OMS/cmsy/m/n on input line 5.
LaTeX Font Info:    ... okay on input line 5.
LaTeX Font Info:    Checking defaults for OT1/cmr/m/n on input line 5.
LaTeX Font Info:    ... okay on input line 5.
LaTeX Font Info:    Checking defaults for T1/cmr/m/n on input line 5.
LaTeX Font Info:    ... okay on input line 5.
LaTeX Font Info:    Checking defaults for TS1/cmr/m/n on input line 5.
LaTeX Font Info:    ... okay on input line 5.
LaTeX Font Info:    Checking defaults for OMX/cmex/m/n on input line 5.
LaTeX Font Info:    ... okay on input line 5.
LaTeX Font Info:    Checking defaults for U/cmr/m/n on input line 5.
LaTeX Font Info:    ... okay on input line 5.

(C:\Program Files\MiKTeX\tex/context/base/mkii\supp-pdf.mkii
[Loading MPS to PDF converter (version 2006.09.02).]
\scratchcounter=\count275
\scratchdimen=\dimen152
\scratchbox=\box53
\nofMPsegments=\count276
\nofMParguments=\count277
\everyMPshowfont=\toks19
\MPscratchCnt=\count278
\MPscratchDim=\dimen153
\MPnumerator=\count279
\makeMPintoPDFobject=\count280
\everyMPtoPDFconversion=\toks20
) (C:\Program Files\MiKTeX\tex/latex/epstopdf-pkg\epstopdf-base.sty
Package: epstopdf-base 2020-01-24 v2.11 Base part for package epstopdf
Package epstopdf-base Info: Redefining graphics rule for `.eps' on input line 4
85.

(C:\Program Files\MiKTeX\tex/latex/00miktex\epstopdf-sys.cfg
File: epstopdf-sys.cfg 2021/03/18 v2.0 Configuration of epstopdf for MiKTeX
))
*geometry* driver: auto-detecting
*geometry* detected driver: pdftex
*geometry* verbose mode - [ preamble ] result:
* driver: pdftex
* paper: a4paper
* layout: <same size as paper>
* layoutoffset:(h,v)=(0.0pt,0.0pt)
* modes: 
* h-part:(L,W,R)=(89.62709pt, 435.6108pt, 72.26999pt)
* v-part:(T,H,B)=(101.40665pt, 591.5302pt, 152.11pt)
* \paperwidth=597.50787pt
* \paperheight=845.04684pt
* \textwidth=435.6108pt
* \textheight=591.5302pt
* \oddsidemargin=17.3571pt
* \evensidemargin=17.3571pt
* \topmargin=-7.86334pt
* \headheight=12.0pt
* \headsep=25.0pt
* \topskip=10.0pt
* \footskip=30.0pt
* \marginparwidth=65.0pt
* \marginparsep=11.0pt
* \columnsep=10.0pt
* \skip\footins=9.0pt plus 4.0pt minus 2.0pt
* \hoffset=0.0pt
* \voffset=0.0pt
* \mag=1000
* \@twocolumnfalse
* \@twosidefalse
* \@mparswitchfalse
* \@reversemarginfalse
* (1in=72.27pt=25.4mm, 1cm=28.453pt)

\toptafiddle=\skip51
\bottafiddle=\skip52
<C:/Users/cse/Downloads/download.jpg, id=1, 301.125pt x 168.63pt>
File: C:/Users/cse/Downloads/download.jpg Graphic file (type jpg)
<use C:/Users/cse/Downloads/download.jpg>
Package pdftex.def Info: C:/Users/cse/Downloads/download.jpg  used on input lin
e 26.
(pdftex.def)             Requested size: 152.4276pt x 85.35826pt.
LaTeX Font Info:    External font `cmex10' loaded for size
(Font)              <20.74> on input line 46.
LaTeX Font Info:    External font `cmex10' loaded for size
(Font)              <14.4> on input line 46.
LaTeX Font Info:    External font `cmex10' loaded for size
(Font)              <12> on input line 46.
<D:/CS400/LATEX/kvg logo mp1.JPG, id=2, 240.14719pt x 234.8775pt>
File: D:/CS400/LATEX/kvg logo mp1.JPG Graphic file (type jpg)
<use D:/CS400/LATEX/kvg logo mp1.JPG>
Package pdftex.def Info: D:/CS400/LATEX/kvg logo mp1.JPG  used on input line 59
.
(pdftex.def)             Requested size: 116.36496pt x 113.81102pt.


[1

{C:/Users/cse/AppData/Local/MiKTeX/fonts/map/pdftex/pdftex.map} <C:/Users/cse/D
ownloads/download.jpg> <D:/CS400/LATEX/kvg logo mp1.JPG>] (exp3.aux)
 ***********
LaTeX2e <2024-11-01> patch level 2
L3 programming layer <2025-01-18>
 ***********
 ) 
Here is how much of TeX's memory you used:
 1995 strings out of 473522
 32179 string characters out of 5724682
 431006 words of memory out of 5000000
 25243 multiletter control sequences out of 15000+600000
 564108 words of font info for 53 fonts, out of 8000000 for 9000
 1141 hyphenation exceptions out of 8191
 57i,6n,65p,223b,238s stack positions out of 10000i,1000n,20000p,200000b,200000s
<C:/Program Files/MiKTeX/fonts/type1/public/amsfonts/cm/cmbx12.pfb><C:/Progra
m Files/MiKTeX/fonts/type1/public/amsfonts/cm/cmbxti10.pfb><C:/Program Files/Mi
KTeX/fonts/type1/public/amsfonts/cm/cmr10.pfb><C:/Program Files/MiKTeX/fonts/ty
pe1/public/amsfonts/cm/cmr12.pfb><C:/Program Files/MiKTeX/fonts/type1/public/am
sfonts/cm/cmr9.pfb><C:/Program Files/MiKTeX/fonts/type1/public/amsfonts/cm/cmti
9.pfb>
Output written on exp3.pdf (1 page, 112673 bytes).
PDF statistics:
 38 PDF objects out of 1000 (max. 8388607)
 0 named destinations out of 1000 (max. 500000)
 11 words of extra memory for PDF output out of 10000 (max. 10000000)

